<?xml version="1.0" encoding="UTF-8"?>
<testsuite name="com.thoughtworks.rectangle.RectangleTest" tests="2" skipped="0" failures="0" errors="0" timestamp="2023-07-07T14:36:19" hostname="gurushifu-gurushifugitp-vyi0yli9j06" time="0.023">
  <properties/>
  <testcase name="shouldReturnAreaWhenLengthAndBreadthIsGiven()" classname="com.thoughtworks.rectangle.RectangleTest" time="0.018"/>
  <testcase name="shouldReturnPerimeterWhenLengthAndBreadthIsGiven()" classname="com.thoughtworks.rectangle.RectangleTest" time="0.002"/>
  <system-out><![CDATA[]]></system-out>
  <system-err><![CDATA[]]></system-err>
</testsuite>
